<?xml version="1.0" encoding="UTF-8"?>
<!-- Generated by org.testng.reporters.JUnitReportReporter -->
<testsuite hostname="DDC2-L-7222DSJ" name="MavenDemo.ExcelReaderRowColoum" tests="1" failures="0" timestamp="12 Jun 2019 11:21:48 GMT" time="1.032" errors="0">
  <testcase name="excelReader" time="1.032" classname="MavenDemo.ExcelReaderRowColoum"/>
</testsuite> <!-- MavenDemo.ExcelReaderRowColoum -->
